[2025-03-03T06:01:51.295+0000] {taskinstance.py:1103} INFO - Dependencies all met for dep_context=non-requeueable deps ti=<TaskInstance: dag_pipeline_query.create_dim_branch_performance manual__2025-03-03T06:01:16.828633+00:00 [queued]>
[2025-03-03T06:01:51.322+0000] {taskinstance.py:1103} INFO - Dependencies all met for dep_context=requeueable deps ti=<TaskInstance: dag_pipeline_query.create_dim_branch_performance manual__2025-03-03T06:01:16.828633+00:00 [queued]>
[2025-03-03T06:01:51.323+0000] {taskinstance.py:1308} INFO - Starting attempt 1 of 2
[2025-03-03T06:01:51.789+0000] {taskinstance.py:1327} INFO - Executing <Task(PostgresOperator): create_dim_branch_performance> on 2025-03-03 06:01:16.828633+00:00
[2025-03-03T06:01:51.837+0000] {standard_task_runner.py:57} INFO - Started process 18870 to run task
[2025-03-03T06:01:51.842+0000] {standard_task_runner.py:84} INFO - Running: ['***', 'tasks', 'run', 'dag_pipeline_query', 'create_dim_branch_performance', 'manual__2025-03-03T06:01:16.828633+00:00', '--job-id', '54', '--raw', '--subdir', 'DAGS_FOLDER/dag_pipeline_query.py', '--cfg-path', '/tmp/tmpnfz3krvr']
[2025-03-03T06:01:51.845+0000] {standard_task_runner.py:85} INFO - Job 54: Subtask create_dim_branch_performance
[2025-03-03T06:01:52.541+0000] {logging_mixin.py:149} WARNING - /home/***/.local/lib/python3.7/site-packages/***/settings.py:195 DeprecationWarning: The sql_alchemy_conn option in [core] has been moved to the sql_alchemy_conn option in [database] - the old setting has been used, but please update your config.
[2025-03-03T06:01:52.689+0000] {task_command.py:410} INFO - Running <TaskInstance: dag_pipeline_query.create_dim_branch_performance manual__2025-03-03T06:01:16.828633+00:00 [running]> on host 9b8c8285a7ac
[2025-03-03T06:01:53.970+0000] {taskinstance.py:1547} INFO - Exporting env vars: AIRFLOW_CTX_DAG_OWNER='Raffi' AIRFLOW_CTX_DAG_ID='dag_pipeline_query' AIRFLOW_CTX_TASK_ID='create_dim_branch_performance' AIRFLOW_CTX_EXECUTION_DATE='2025-03-03T06:01:16.828633+00:00' AIRFLOW_CTX_TRY_NUMBER='1' AIRFLOW_CTX_DAG_RUN_ID='manual__2025-03-03T06:01:16.828633+00:00'
[2025-03-03T06:01:53.971+0000] {sql.py:262} INFO - Executing: -- dim_branch_performance
CREATE TABLE IF NOT EXISTS dim_branch_performance AS
select 
fs2.branch_id,
tb."name"  branch_name,
sum(quantity) as total_sales,
sum(amount) amount
from fact_sales fs2 
left join tbl_branch tb 
on tb.id = fs2.branch_id 
group by 1,2
order by total_sales desc
[2025-03-03T06:01:54.053+0000] {base.py:73} INFO - Using connection ID 'sales_project_conn' for task execution.
[2025-03-03T06:01:55.625+0000] {base.py:73} INFO - Using connection ID 'sales_project_conn' for task execution.
[2025-03-03T06:01:55.671+0000] {sql.py:375} INFO - Running statement: -- dim_branch_performance
CREATE TABLE IF NOT EXISTS dim_branch_performance AS
select 
fs2.branch_id,
tb."name"  branch_name,
sum(quantity) as total_sales,
sum(amount) amount
from fact_sales fs2 
left join tbl_branch tb 
on tb.id = fs2.branch_id 
group by 1,2
order by total_sales desc, parameters: None
[2025-03-03T06:01:55.750+0000] {taskinstance.py:1350} INFO - Marking task as SUCCESS. dag_id=dag_pipeline_query, task_id=create_dim_branch_performance, execution_date=20250303T060116, start_date=20250303T060151, end_date=20250303T060155
[2025-03-03T06:01:56.219+0000] {local_task_job_runner.py:225} INFO - Task exited with return code 0
[2025-03-03T06:01:56.421+0000] {taskinstance.py:2651} INFO - 1 downstream tasks scheduled from follow-on schedule check
