[2025-03-03T05:56:09.570+0000] {taskinstance.py:1103} INFO - Dependencies all met for dep_context=non-requeueable deps ti=<TaskInstance: dag_pipeline_query.create_fact_sales manual__2025-03-03T05:39:13.029042+00:00 [queued]>
[2025-03-03T05:56:09.591+0000] {taskinstance.py:1103} INFO - Dependencies all met for dep_context=requeueable deps ti=<TaskInstance: dag_pipeline_query.create_fact_sales manual__2025-03-03T05:39:13.029042+00:00 [queued]>
[2025-03-03T05:56:09.592+0000] {taskinstance.py:1308} INFO - Starting attempt 5 of 6
[2025-03-03T05:56:09.702+0000] {taskinstance.py:1327} INFO - Executing <Task(PostgresOperator): create_fact_sales> on 2025-03-03 05:39:13.029042+00:00
[2025-03-03T05:56:09.844+0000] {standard_task_runner.py:57} INFO - Started process 17963 to run task
[2025-03-03T05:56:09.846+0000] {standard_task_runner.py:84} INFO - Running: ['***', 'tasks', 'run', 'dag_pipeline_query', 'create_fact_sales', 'manual__2025-03-03T05:39:13.029042+00:00', '--job-id', '42', '--raw', '--subdir', 'DAGS_FOLDER/dag_pipeline_query.py', '--cfg-path', '/tmp/tmpr8tjnhn9']
[2025-03-03T05:56:09.850+0000] {standard_task_runner.py:85} INFO - Job 42: Subtask create_fact_sales
[2025-03-03T05:56:10.056+0000] {logging_mixin.py:149} WARNING - /home/***/.local/lib/python3.7/site-packages/***/settings.py:195 DeprecationWarning: The sql_alchemy_conn option in [core] has been moved to the sql_alchemy_conn option in [database] - the old setting has been used, but please update your config.
[2025-03-03T05:56:10.189+0000] {task_command.py:410} INFO - Running <TaskInstance: dag_pipeline_query.create_fact_sales manual__2025-03-03T05:39:13.029042+00:00 [running]> on host 9b8c8285a7ac
[2025-03-03T05:56:10.876+0000] {taskinstance.py:1547} INFO - Exporting env vars: AIRFLOW_CTX_DAG_OWNER='Raffi' AIRFLOW_CTX_DAG_ID='dag_pipeline_query' AIRFLOW_CTX_TASK_ID='create_fact_sales' AIRFLOW_CTX_EXECUTION_DATE='2025-03-03T05:39:13.029042+00:00' AIRFLOW_CTX_TRY_NUMBER='5' AIRFLOW_CTX_DAG_RUN_ID='manual__2025-03-03T05:39:13.029042+00:00'
[2025-03-03T05:56:10.878+0000] {sql.py:262} INFO - Executing: CREATE TABLE IF NOT EXISTS fact_sales AS
SELECT 
    ts.*,
    tp.product_name,
    tp.category AS product_category,
    tp.sub_category AS sub_category_product,
    tp.price,
    tps.disc,
    tps.event_name AS disc_name,
    CAST(
        CASE 
            WHEN tps.disc IS NOT NULL 
            THEN (tp.price * ts.quantity) - (tp.price * ts.quantity) * COALESCE(tps.disc, 0) / 100
            ELSE tp.price * ts.quantity
        END AS BIGINT
    ) AS amount
FROM tbl_sales ts 
LEFT JOIN tbl_product tp ON tp.id = ts.product_id 
LEFT JOIN tbl_promotions tps ON tps.time = DATE(ts.order_date)
WHERE ts.order_status = 2 
    AND ts.payment_status = 2 
    AND (ts.shipping_status = 2 OR ts.shipping_status IS NULL);
[2025-03-03T05:56:10.916+0000] {base.py:73} INFO - Using connection ID 'sales_project_conn' for task execution.
[2025-03-03T05:56:11.102+0000] {base.py:73} INFO - Using connection ID 'sales_project_conn' for task execution.
[2025-03-03T05:56:11.183+0000] {sql.py:375} INFO - Running statement: CREATE TABLE IF NOT EXISTS fact_sales AS
SELECT 
    ts.*,
    tp.product_name,
    tp.category AS product_category,
    tp.sub_category AS sub_category_product,
    tp.price,
    tps.disc,
    tps.event_name AS disc_name,
    CAST(
        CASE 
            WHEN tps.disc IS NOT NULL 
            THEN (tp.price * ts.quantity) - (tp.price * ts.quantity) * COALESCE(tps.disc, 0) / 100
            ELSE tp.price * ts.quantity
        END AS BIGINT
    ) AS amount
FROM tbl_sales ts 
LEFT JOIN tbl_product tp ON tp.id = ts.product_id 
LEFT JOIN tbl_promotions tps ON tps.time = DATE(ts.order_date)
WHERE ts.order_status = 2 
    AND ts.payment_status = 2 
    AND (ts.shipping_status = 2 OR ts.shipping_status IS NULL);, parameters: None
[2025-03-03T05:56:11.528+0000] {sql.py:384} INFO - Rows affected: 8168
[2025-03-03T05:56:12.064+0000] {taskinstance.py:1350} INFO - Marking task as SUCCESS. dag_id=dag_pipeline_query, task_id=create_fact_sales, execution_date=20250303T053913, start_date=20250303T055609, end_date=20250303T055612
[2025-03-03T05:56:13.234+0000] {local_task_job_runner.py:225} INFO - Task exited with return code 0
[2025-03-03T05:56:13.312+0000] {taskinstance.py:2651} INFO - 0 downstream tasks scheduled from follow-on schedule check
