[2025-03-03T06:33:12.992+0000] {taskinstance.py:1103} INFO - Dependencies all met for dep_context=non-requeueable deps ti=<TaskInstance: dag_pipeline_query.create_dim_branch_monthly_finance_performance manual__2025-03-03T06:22:48.623775+00:00 [queued]>
[2025-03-03T06:33:13.032+0000] {taskinstance.py:1103} INFO - Dependencies all met for dep_context=requeueable deps ti=<TaskInstance: dag_pipeline_query.create_dim_branch_monthly_finance_performance manual__2025-03-03T06:22:48.623775+00:00 [queued]>
[2025-03-03T06:33:13.033+0000] {taskinstance.py:1308} INFO - Starting attempt 1 of 2
[2025-03-03T06:33:13.976+0000] {taskinstance.py:1327} INFO - Executing <Task(PostgresOperator): create_dim_branch_monthly_finance_performance> on 2025-03-03 06:22:48.623775+00:00
[2025-03-03T06:33:14.110+0000] {standard_task_runner.py:57} INFO - Started process 23000 to run task
[2025-03-03T06:33:14.131+0000] {standard_task_runner.py:84} INFO - Running: ['***', 'tasks', 'run', 'dag_pipeline_query', 'create_dim_branch_monthly_finance_performance', 'manual__2025-03-03T06:22:48.623775+00:00', '--job-id', '93', '--raw', '--subdir', 'DAGS_FOLDER/dag_pipeline_query.py', '--cfg-path', '/tmp/tmpx2r1tzly']
[2025-03-03T06:33:14.134+0000] {standard_task_runner.py:85} INFO - Job 93: Subtask create_dim_branch_monthly_finance_performance
[2025-03-03T06:33:14.542+0000] {logging_mixin.py:149} WARNING - /home/***/.local/lib/python3.7/site-packages/***/settings.py:195 DeprecationWarning: The sql_alchemy_conn option in [core] has been moved to the sql_alchemy_conn option in [database] - the old setting has been used, but please update your config.
[2025-03-03T06:33:14.685+0000] {task_command.py:410} INFO - Running <TaskInstance: dag_pipeline_query.create_dim_branch_monthly_finance_performance manual__2025-03-03T06:22:48.623775+00:00 [running]> on host 9b8c8285a7ac
[2025-03-03T06:33:15.690+0000] {taskinstance.py:1547} INFO - Exporting env vars: AIRFLOW_CTX_DAG_OWNER='Raffi' AIRFLOW_CTX_DAG_ID='dag_pipeline_query' AIRFLOW_CTX_TASK_ID='create_dim_branch_monthly_finance_performance' AIRFLOW_CTX_EXECUTION_DATE='2025-03-03T06:22:48.623775+00:00' AIRFLOW_CTX_TRY_NUMBER='1' AIRFLOW_CTX_DAG_RUN_ID='manual__2025-03-03T06:22:48.623775+00:00'
[2025-03-03T06:33:15.691+0000] {sql.py:262} INFO - Executing: 
            CREATE TABLE IF NOT EXISTS dim_branch_monthly_finance_performance AS
            SELECT * FROM (-- dim_branch_montlhy_finance_performance 
 --  unit_sold 
   with uss as (
select 
tb.name,
date(date_trunc('month', fs2.order_date)) as month,
sum(quantity) unit_sold
from fact_sales fs2 
left join tbl_branch tb
on tb.id = fs2.branch_id
group by 1,2
),
-- gmv 
gmv as (
select 
tb.name,  
date(date_trunc('month', fs2.order_date)) as month,
sum(quantity * price) amount
from fact_sales fs2 
left join tbl_branch tb
on tb.id = fs2.branch_id
group by 1,2
),
-- total outcome
outcome as (
select 
tb.name,
date(date_trunc('month', st.date)) as month,
sum(amount) amount
from sum_transactions st 
left join tbl_branch tb 
on tb.id = st.branch_id
where type = 'outcome'
group by 1,2
),
-- revenue 
revenue as (
select
tb.name,
date(date_trunc('month', st.date)) as month,
sum(amount) amount
from sum_transactions st 
left join tbl_branch tb 
on tb.id = st.branch_id 
where type = 'income' and sales_id is not null 
group by 1,2
),
-- gross profit
gross_profit as (
select
tb.name, 
date(date_trunc('month', fs2.order_date)) as month,
sum((fs2.price * tp.profit  / 100) * fs2.quantity)  as amount
from fact_sales fs2 
left join tbl_product tp 
on tp.id  = fs2.product_id 
left join tbl_branch tb 
on tb.id = fs2.branch_id
group by 1,2
),
-- net_profit
net_profit as (
select 
gp.name,
gp.month,
(gp.amount - o.amount) as amount
from gross_profit gp
left join outcome o
on  gp.name = o.name and  o.month = gp.month
)
select 
u.name,
u.month,
u.unit_sold,
g.amount as gmv,
o.amount as outcome,
r.amount as revenue,
gp.amount as gross_profit,
np.amount as nett_profit
from uss u
left join gmv g
on g.month = u.month and g.name = u.name
left join outcome o
on o.month = u.month and o.name = u.name
left join revenue r
on r.month = u.month and r.name = u.name
left join gross_profit gp 
on gp.month = u.month and gp.name = u.name
left join net_profit np 
on np.month = u.month and np.name = u.name) AS subquery WHERE FALSE;

            TRUNCATE TABLE dim_branch_monthly_finance_performance;

            INSERT INTO dim_branch_monthly_finance_performance
            -- dim_branch_montlhy_finance_performance 
 --  unit_sold 
   with uss as (
select 
tb.name,
date(date_trunc('month', fs2.order_date)) as month,
sum(quantity) unit_sold
from fact_sales fs2 
left join tbl_branch tb
on tb.id = fs2.branch_id
group by 1,2
),
-- gmv 
gmv as (
select 
tb.name,  
date(date_trunc('month', fs2.order_date)) as month,
sum(quantity * price) amount
from fact_sales fs2 
left join tbl_branch tb
on tb.id = fs2.branch_id
group by 1,2
),
-- total outcome
outcome as (
select 
tb.name,
date(date_trunc('month', st.date)) as month,
sum(amount) amount
from sum_transactions st 
left join tbl_branch tb 
on tb.id = st.branch_id
where type = 'outcome'
group by 1,2
),
-- revenue 
revenue as (
select
tb.name,
date(date_trunc('month', st.date)) as month,
sum(amount) amount
from sum_transactions st 
left join tbl_branch tb 
on tb.id = st.branch_id 
where type = 'income' and sales_id is not null 
group by 1,2
),
-- gross profit
gross_profit as (
select
tb.name, 
date(date_trunc('month', fs2.order_date)) as month,
sum((fs2.price * tp.profit  / 100) * fs2.quantity)  as amount
from fact_sales fs2 
left join tbl_product tp 
on tp.id  = fs2.product_id 
left join tbl_branch tb 
on tb.id = fs2.branch_id
group by 1,2
),
-- net_profit
net_profit as (
select 
gp.name,
gp.month,
(gp.amount - o.amount) as amount
from gross_profit gp
left join outcome o
on  gp.name = o.name and  o.month = gp.month
)
select 
u.name,
u.month,
u.unit_sold,
g.amount as gmv,
o.amount as outcome,
r.amount as revenue,
gp.amount as gross_profit,
np.amount as nett_profit
from uss u
left join gmv g
on g.month = u.month and g.name = u.name
left join outcome o
on o.month = u.month and o.name = u.name
left join revenue r
on r.month = u.month and r.name = u.name
left join gross_profit gp 
on gp.month = u.month and gp.name = u.name
left join net_profit np 
on np.month = u.month and np.name = u.name;
        
[2025-03-03T06:33:15.729+0000] {base.py:73} INFO - Using connection ID 'sales_project_conn' for task execution.
[2025-03-03T06:33:15.898+0000] {base.py:73} INFO - Using connection ID 'sales_project_conn' for task execution.
[2025-03-03T06:33:15.942+0000] {sql.py:375} INFO - Running statement: 
            CREATE TABLE IF NOT EXISTS dim_branch_monthly_finance_performance AS
            SELECT * FROM (-- dim_branch_montlhy_finance_performance 
 --  unit_sold 
   with uss as (
select 
tb.name,
date(date_trunc('month', fs2.order_date)) as month,
sum(quantity) unit_sold
from fact_sales fs2 
left join tbl_branch tb
on tb.id = fs2.branch_id
group by 1,2
),
-- gmv 
gmv as (
select 
tb.name,  
date(date_trunc('month', fs2.order_date)) as month,
sum(quantity * price) amount
from fact_sales fs2 
left join tbl_branch tb
on tb.id = fs2.branch_id
group by 1,2
),
-- total outcome
outcome as (
select 
tb.name,
date(date_trunc('month', st.date)) as month,
sum(amount) amount
from sum_transactions st 
left join tbl_branch tb 
on tb.id = st.branch_id
where type = 'outcome'
group by 1,2
),
-- revenue 
revenue as (
select
tb.name,
date(date_trunc('month', st.date)) as month,
sum(amount) amount
from sum_transactions st 
left join tbl_branch tb 
on tb.id = st.branch_id 
where type = 'income' and sales_id is not null 
group by 1,2
),
-- gross profit
gross_profit as (
select
tb.name, 
date(date_trunc('month', fs2.order_date)) as month,
sum((fs2.price * tp.profit  / 100) * fs2.quantity)  as amount
from fact_sales fs2 
left join tbl_product tp 
on tp.id  = fs2.product_id 
left join tbl_branch tb 
on tb.id = fs2.branch_id
group by 1,2
),
-- net_profit
net_profit as (
select 
gp.name,
gp.month,
(gp.amount - o.amount) as amount
from gross_profit gp
left join outcome o
on  gp.name = o.name and  o.month = gp.month
)
select 
u.name,
u.month,
u.unit_sold,
g.amount as gmv,
o.amount as outcome,
r.amount as revenue,
gp.amount as gross_profit,
np.amount as nett_profit
from uss u
left join gmv g
on g.month = u.month and g.name = u.name
left join outcome o
on o.month = u.month and o.name = u.name
left join revenue r
on r.month = u.month and r.name = u.name
left join gross_profit gp 
on gp.month = u.month and gp.name = u.name
left join net_profit np 
on np.month = u.month and np.name = u.name) AS subquery WHERE FALSE;

            TRUNCATE TABLE dim_branch_monthly_finance_performance;

            INSERT INTO dim_branch_monthly_finance_performance
            -- dim_branch_montlhy_finance_performance 
 --  unit_sold 
   with uss as (
select 
tb.name,
date(date_trunc('month', fs2.order_date)) as month,
sum(quantity) unit_sold
from fact_sales fs2 
left join tbl_branch tb
on tb.id = fs2.branch_id
group by 1,2
),
-- gmv 
gmv as (
select 
tb.name,  
date(date_trunc('month', fs2.order_date)) as month,
sum(quantity * price) amount
from fact_sales fs2 
left join tbl_branch tb
on tb.id = fs2.branch_id
group by 1,2
),
-- total outcome
outcome as (
select 
tb.name,
date(date_trunc('month', st.date)) as month,
sum(amount) amount
from sum_transactions st 
left join tbl_branch tb 
on tb.id = st.branch_id
where type = 'outcome'
group by 1,2
),
-- revenue 
revenue as (
select
tb.name,
date(date_trunc('month', st.date)) as month,
sum(amount) amount
from sum_transactions st 
left join tbl_branch tb 
on tb.id = st.branch_id 
where type = 'income' and sales_id is not null 
group by 1,2
),
-- gross profit
gross_profit as (
select
tb.name, 
date(date_trunc('month', fs2.order_date)) as month,
sum((fs2.price * tp.profit  / 100) * fs2.quantity)  as amount
from fact_sales fs2 
left join tbl_product tp 
on tp.id  = fs2.product_id 
left join tbl_branch tb 
on tb.id = fs2.branch_id
group by 1,2
),
-- net_profit
net_profit as (
select 
gp.name,
gp.month,
(gp.amount - o.amount) as amount
from gross_profit gp
left join outcome o
on  gp.name = o.name and  o.month = gp.month
)
select 
u.name,
u.month,
u.unit_sold,
g.amount as gmv,
o.amount as outcome,
r.amount as revenue,
gp.amount as gross_profit,
np.amount as nett_profit
from uss u
left join gmv g
on g.month = u.month and g.name = u.name
left join outcome o
on o.month = u.month and o.name = u.name
left join revenue r
on r.month = u.month and r.name = u.name
left join gross_profit gp 
on gp.month = u.month and gp.name = u.name
left join net_profit np 
on np.month = u.month and np.name = u.name;
        , parameters: None
[2025-03-03T06:33:16.154+0000] {sql.py:384} INFO - Rows affected: 600
[2025-03-03T06:33:16.415+0000] {taskinstance.py:1350} INFO - Marking task as SUCCESS. dag_id=dag_pipeline_query, task_id=create_dim_branch_monthly_finance_performance, execution_date=20250303T062248, start_date=20250303T063312, end_date=20250303T063316
[2025-03-03T06:33:16.709+0000] {local_task_job_runner.py:225} INFO - Task exited with return code 0
[2025-03-03T06:33:16.815+0000] {taskinstance.py:2651} INFO - 1 downstream tasks scheduled from follow-on schedule check
