[2025-03-03T05:57:25.184+0000] {taskinstance.py:1103} INFO - Dependencies all met for dep_context=non-requeueable deps ti=<TaskInstance: dag_pipeline_query.create_dim_monthly_branch_performance manual__2025-03-03T05:39:13.029042+00:00 [queued]>
[2025-03-03T05:57:25.210+0000] {taskinstance.py:1103} INFO - Dependencies all met for dep_context=requeueable deps ti=<TaskInstance: dag_pipeline_query.create_dim_monthly_branch_performance manual__2025-03-03T05:39:13.029042+00:00 [queued]>
[2025-03-03T05:57:25.211+0000] {taskinstance.py:1308} INFO - Starting attempt 1 of 2
[2025-03-03T05:57:25.303+0000] {taskinstance.py:1327} INFO - Executing <Task(PostgresOperator): create_dim_monthly_branch_performance> on 2025-03-03 05:39:13.029042+00:00
[2025-03-03T05:57:25.313+0000] {standard_task_runner.py:57} INFO - Started process 18163 to run task
[2025-03-03T05:57:25.318+0000] {standard_task_runner.py:84} INFO - Running: ['***', 'tasks', 'run', 'dag_pipeline_query', 'create_dim_monthly_branch_performance', 'manual__2025-03-03T05:39:13.029042+00:00', '--job-id', '46', '--raw', '--subdir', 'DAGS_FOLDER/dag_pipeline_query.py', '--cfg-path', '/tmp/tmpn1bz7upe']
[2025-03-03T05:57:25.324+0000] {standard_task_runner.py:85} INFO - Job 46: Subtask create_dim_monthly_branch_performance
[2025-03-03T05:57:25.478+0000] {logging_mixin.py:149} WARNING - /home/***/.local/lib/python3.7/site-packages/***/settings.py:195 DeprecationWarning: The sql_alchemy_conn option in [core] has been moved to the sql_alchemy_conn option in [database] - the old setting has been used, but please update your config.
[2025-03-03T05:57:25.616+0000] {task_command.py:410} INFO - Running <TaskInstance: dag_pipeline_query.create_dim_monthly_branch_performance manual__2025-03-03T05:39:13.029042+00:00 [running]> on host 9b8c8285a7ac
[2025-03-03T05:57:26.488+0000] {taskinstance.py:1547} INFO - Exporting env vars: AIRFLOW_CTX_DAG_OWNER='Raffi' AIRFLOW_CTX_DAG_ID='dag_pipeline_query' AIRFLOW_CTX_TASK_ID='create_dim_monthly_branch_performance' AIRFLOW_CTX_EXECUTION_DATE='2025-03-03T05:39:13.029042+00:00' AIRFLOW_CTX_TRY_NUMBER='1' AIRFLOW_CTX_DAG_RUN_ID='manual__2025-03-03T05:39:13.029042+00:00'
[2025-03-03T05:57:26.489+0000] {sql.py:262} INFO - Executing: --- monthly_branch_performance 
create table if not exists dim_monthly_branch_performance as
select 
fs2.branch_id,
tb."name"  as branch_name,
date(date_trunc('month',fs2.order_date)) as bulan,
sum(quantity) as total_sales,
sum(amount) as amount
from fact_sales fs2 
left join tbl_branch tb 
on tb.id = fs2.branch_id 
group by 1,2,3
[2025-03-03T05:57:26.535+0000] {base.py:73} INFO - Using connection ID 'sales_project_conn' for task execution.
[2025-03-03T05:57:26.695+0000] {base.py:73} INFO - Using connection ID 'sales_project_conn' for task execution.
[2025-03-03T05:57:26.727+0000] {sql.py:375} INFO - Running statement: --- monthly_branch_performance 
create table if not exists dim_monthly_branch_performance as
select 
fs2.branch_id,
tb."name"  as branch_name,
date(date_trunc('month',fs2.order_date)) as bulan,
sum(quantity) as total_sales,
sum(amount) as amount
from fact_sales fs2 
left join tbl_branch tb 
on tb.id = fs2.branch_id 
group by 1,2,3, parameters: None
[2025-03-03T05:57:27.052+0000] {sql.py:384} INFO - Rows affected: 600
[2025-03-03T05:57:27.335+0000] {taskinstance.py:1350} INFO - Marking task as SUCCESS. dag_id=dag_pipeline_query, task_id=create_dim_monthly_branch_performance, execution_date=20250303T053913, start_date=20250303T055725, end_date=20250303T055727
[2025-03-03T05:57:27.740+0000] {local_task_job_runner.py:225} INFO - Task exited with return code 0
[2025-03-03T05:57:28.175+0000] {taskinstance.py:2651} INFO - 0 downstream tasks scheduled from follow-on schedule check
