[2025-03-03T06:07:32.394+0000] {taskinstance.py:1103} INFO - Dependencies all met for dep_context=non-requeueable deps ti=<TaskInstance: dag_pipeline_query.create_dim_finance_performance manual__2025-03-03T06:01:16.828633+00:00 [queued]>
[2025-03-03T06:07:32.427+0000] {taskinstance.py:1103} INFO - Dependencies all met for dep_context=requeueable deps ti=<TaskInstance: dag_pipeline_query.create_dim_finance_performance manual__2025-03-03T06:01:16.828633+00:00 [queued]>
[2025-03-03T06:07:32.428+0000] {taskinstance.py:1308} INFO - Starting attempt 1 of 2
[2025-03-03T06:07:32.727+0000] {taskinstance.py:1327} INFO - Executing <Task(PostgresOperator): create_dim_finance_performance> on 2025-03-03 06:01:16.828633+00:00
[2025-03-03T06:07:32.786+0000] {standard_task_runner.py:57} INFO - Started process 19773 to run task
[2025-03-03T06:07:32.792+0000] {standard_task_runner.py:84} INFO - Running: ['***', 'tasks', 'run', 'dag_pipeline_query', 'create_dim_finance_performance', 'manual__2025-03-03T06:01:16.828633+00:00', '--job-id', '67', '--raw', '--subdir', 'DAGS_FOLDER/dag_pipeline_query.py', '--cfg-path', '/tmp/tmpk6hvpmaq']
[2025-03-03T06:07:32.804+0000] {standard_task_runner.py:85} INFO - Job 67: Subtask create_dim_finance_performance
[2025-03-03T06:07:33.171+0000] {logging_mixin.py:149} WARNING - /home/***/.local/lib/python3.7/site-packages/***/settings.py:195 DeprecationWarning: The sql_alchemy_conn option in [core] has been moved to the sql_alchemy_conn option in [database] - the old setting has been used, but please update your config.
[2025-03-03T06:07:33.402+0000] {task_command.py:410} INFO - Running <TaskInstance: dag_pipeline_query.create_dim_finance_performance manual__2025-03-03T06:01:16.828633+00:00 [running]> on host 9b8c8285a7ac
[2025-03-03T06:07:34.318+0000] {taskinstance.py:1547} INFO - Exporting env vars: AIRFLOW_CTX_DAG_OWNER='Raffi' AIRFLOW_CTX_DAG_ID='dag_pipeline_query' AIRFLOW_CTX_TASK_ID='create_dim_finance_performance' AIRFLOW_CTX_EXECUTION_DATE='2025-03-03T06:01:16.828633+00:00' AIRFLOW_CTX_TRY_NUMBER='1' AIRFLOW_CTX_DAG_RUN_ID='manual__2025-03-03T06:01:16.828633+00:00'
[2025-03-03T06:07:34.320+0000] {sql.py:262} INFO - Executing: -- dim_finance_performance
create table if not exists dim_finance_performance  as
-- unit_sold  
with uss as (
select 
sum(quantity) unit_sold
from fact_sales fs2 
),
-- gmv 
gmv as (
select 
sum(quantity * price) amount
from fact_sales fs2 
),
-- total outcome
outcome as (
select 
sum(amount) amount
from sum_transactions st 
where type = 'outcome'
),
-- revenue 
revenue as (
select
sum(amount) amount
from sum_transactions st 
where type = 'income' and sales_id is not null 
),
-- gross profit
gross_profit as (
select 
sum((fs2.price * tp.profit  / 100) * fs2.quantity)  as amount
from fact_sales fs2 
left join tbl_product tp 
on tp.id  = fs2.product_id 
),
-- net_profit
net_profit as (
select (select amount from gross_profit) - (select amount from outcome) as amount
)
SELECT 
    (SELECT unit_sold FROM uss) AS unit_sold,
    (SELECT amount FROM outcome) AS outcome,
    (SELECT amount FROM gmv) AS gmv, 
    (SELECT amount FROM revenue) AS revenue,
    (SELECT amount FROM gross_profit) AS gross_profit,
    (SELECT amount FROM net_profit) AS net_profit;
[2025-03-03T06:07:34.370+0000] {base.py:73} INFO - Using connection ID 'sales_project_conn' for task execution.
[2025-03-03T06:07:34.532+0000] {base.py:73} INFO - Using connection ID 'sales_project_conn' for task execution.
[2025-03-03T06:07:34.567+0000] {sql.py:375} INFO - Running statement: -- dim_finance_performance
create table if not exists dim_finance_performance  as
-- unit_sold  
with uss as (
select 
sum(quantity) unit_sold
from fact_sales fs2 
),
-- gmv 
gmv as (
select 
sum(quantity * price) amount
from fact_sales fs2 
),
-- total outcome
outcome as (
select 
sum(amount) amount
from sum_transactions st 
where type = 'outcome'
),
-- revenue 
revenue as (
select
sum(amount) amount
from sum_transactions st 
where type = 'income' and sales_id is not null 
),
-- gross profit
gross_profit as (
select 
sum((fs2.price * tp.profit  / 100) * fs2.quantity)  as amount
from fact_sales fs2 
left join tbl_product tp 
on tp.id  = fs2.product_id 
),
-- net_profit
net_profit as (
select (select amount from gross_profit) - (select amount from outcome) as amount
)
SELECT 
    (SELECT unit_sold FROM uss) AS unit_sold,
    (SELECT amount FROM outcome) AS outcome,
    (SELECT amount FROM gmv) AS gmv, 
    (SELECT amount FROM revenue) AS revenue,
    (SELECT amount FROM gross_profit) AS gross_profit,
    (SELECT amount FROM net_profit) AS net_profit;, parameters: None
[2025-03-03T06:07:34.620+0000] {taskinstance.py:1350} INFO - Marking task as SUCCESS. dag_id=dag_pipeline_query, task_id=create_dim_finance_performance, execution_date=20250303T060116, start_date=20250303T060732, end_date=20250303T060734
[2025-03-03T06:07:35.343+0000] {local_task_job_runner.py:225} INFO - Task exited with return code 0
[2025-03-03T06:07:35.443+0000] {taskinstance.py:2651} INFO - 1 downstream tasks scheduled from follow-on schedule check
