[2025-03-03T06:32:48.224+0000] {taskinstance.py:1103} INFO - Dependencies all met for dep_context=non-requeueable deps ti=<TaskInstance: dag_pipeline_query.create_dim_weakly_finance_performance manual__2025-03-03T06:22:48.623775+00:00 [queued]>
[2025-03-03T06:32:48.245+0000] {taskinstance.py:1103} INFO - Dependencies all met for dep_context=requeueable deps ti=<TaskInstance: dag_pipeline_query.create_dim_weakly_finance_performance manual__2025-03-03T06:22:48.623775+00:00 [queued]>
[2025-03-03T06:32:48.246+0000] {taskinstance.py:1308} INFO - Starting attempt 1 of 2
[2025-03-03T06:32:48.860+0000] {taskinstance.py:1327} INFO - Executing <Task(PostgresOperator): create_dim_weakly_finance_performance> on 2025-03-03 06:22:48.623775+00:00
[2025-03-03T06:32:48.879+0000] {standard_task_runner.py:57} INFO - Started process 22970 to run task
[2025-03-03T06:32:48.883+0000] {standard_task_runner.py:84} INFO - Running: ['***', 'tasks', 'run', 'dag_pipeline_query', 'create_dim_weakly_finance_performance', 'manual__2025-03-03T06:22:48.623775+00:00', '--job-id', '90', '--raw', '--subdir', 'DAGS_FOLDER/dag_pipeline_query.py', '--cfg-path', '/tmp/tmpw64gbe49']
[2025-03-03T06:32:48.885+0000] {standard_task_runner.py:85} INFO - Job 90: Subtask create_dim_weakly_finance_performance
[2025-03-03T06:32:49.058+0000] {logging_mixin.py:149} WARNING - /home/***/.local/lib/python3.7/site-packages/***/settings.py:195 DeprecationWarning: The sql_alchemy_conn option in [core] has been moved to the sql_alchemy_conn option in [database] - the old setting has been used, but please update your config.
[2025-03-03T06:32:49.177+0000] {task_command.py:410} INFO - Running <TaskInstance: dag_pipeline_query.create_dim_weakly_finance_performance manual__2025-03-03T06:22:48.623775+00:00 [running]> on host 9b8c8285a7ac
[2025-03-03T06:32:49.868+0000] {taskinstance.py:1547} INFO - Exporting env vars: AIRFLOW_CTX_DAG_OWNER='Raffi' AIRFLOW_CTX_DAG_ID='dag_pipeline_query' AIRFLOW_CTX_TASK_ID='create_dim_weakly_finance_performance' AIRFLOW_CTX_EXECUTION_DATE='2025-03-03T06:22:48.623775+00:00' AIRFLOW_CTX_TRY_NUMBER='1' AIRFLOW_CTX_DAG_RUN_ID='manual__2025-03-03T06:22:48.623775+00:00'
[2025-03-03T06:32:49.869+0000] {sql.py:262} INFO - Executing: 
            CREATE TABLE IF NOT EXISTS dim_weakly_finance_performance AS
            SELECT * FROM (-- dims_weakly_finance_performance 
 --  unit_sold 
   with uss as (
select 
date(DATE '2024-12-29' + INTERVAL '1 day' * FLOOR(EXTRACT(DAY FROM fs2.order_date - DATE '2024-12-29') / 7) * 7) AS week,
sum(quantity) unit_sold
from fact_sales fs2 
group by 1
),
-- gmv 
gmv as (
select 
date(DATE '2024-12-29' + INTERVAL '1 day' * FLOOR(EXTRACT(DAY FROM fs2.order_date - DATE '2024-12-29') / 7) * 7) AS week,
sum(quantity * price) amount
from fact_sales fs2 
group by 1
),
-- total outcome
outcome as (
select 
date(DATE '2024-12-29' + INTERVAL '1 day' * FLOOR(EXTRACT(DAY FROM st.date - DATE '2024-12-29') / 7) * 7) AS week,
sum(amount) amount
from sum_transactions st 
where type = 'outcome'
group by 1
),
-- revenue 
revenue as (
select
date(DATE '2024-12-29' + INTERVAL '1 day' * FLOOR(EXTRACT(DAY FROM st.date - DATE '2024-12-29') / 7) * 7) AS week,
sum(amount) amount
from sum_transactions st 
where type = 'income' and sales_id is not null 
group by 1
),
-- gross profit
gross_profit as (
select 
date(DATE '2024-12-29' + INTERVAL '1 day' * FLOOR(EXTRACT(DAY FROM fs2.order_date - DATE '2024-12-29') / 7) * 7) AS week,
sum((fs2.price * tp.profit  / 100) * fs2.quantity)  as amount
from fact_sales fs2 
left join tbl_product tp 
on tp.id  = fs2.product_id 
group by 1
),
-- net_profit
net_profit as (
select 
gp.week,
(gp.amount - o.amount) as amount
from gross_profit gp
left join outcome o
on  o.week = gp.week
)
select 
u.week,
u.unit_sold,
g.amount as gmv,
o.amount as outcome,
r.amount as revenue,
gp.amount as gross_profit,
np.amount as nett_profit
from uss u
left join gmv g
on g.week = u.week
left join outcome o
on o.week = u.week
left join revenue r
on r.week = u.week
left join gross_profit gp 
on gp.week = u.week 
left join net_profit np 
on np.week = u.week) AS subquery WHERE FALSE;

            TRUNCATE TABLE dim_weakly_finance_performance;

            INSERT INTO dim_weakly_finance_performance
            -- dims_weakly_finance_performance 
 --  unit_sold 
   with uss as (
select 
date(DATE '2024-12-29' + INTERVAL '1 day' * FLOOR(EXTRACT(DAY FROM fs2.order_date - DATE '2024-12-29') / 7) * 7) AS week,
sum(quantity) unit_sold
from fact_sales fs2 
group by 1
),
-- gmv 
gmv as (
select 
date(DATE '2024-12-29' + INTERVAL '1 day' * FLOOR(EXTRACT(DAY FROM fs2.order_date - DATE '2024-12-29') / 7) * 7) AS week,
sum(quantity * price) amount
from fact_sales fs2 
group by 1
),
-- total outcome
outcome as (
select 
date(DATE '2024-12-29' + INTERVAL '1 day' * FLOOR(EXTRACT(DAY FROM st.date - DATE '2024-12-29') / 7) * 7) AS week,
sum(amount) amount
from sum_transactions st 
where type = 'outcome'
group by 1
),
-- revenue 
revenue as (
select
date(DATE '2024-12-29' + INTERVAL '1 day' * FLOOR(EXTRACT(DAY FROM st.date - DATE '2024-12-29') / 7) * 7) AS week,
sum(amount) amount
from sum_transactions st 
where type = 'income' and sales_id is not null 
group by 1
),
-- gross profit
gross_profit as (
select 
date(DATE '2024-12-29' + INTERVAL '1 day' * FLOOR(EXTRACT(DAY FROM fs2.order_date - DATE '2024-12-29') / 7) * 7) AS week,
sum((fs2.price * tp.profit  / 100) * fs2.quantity)  as amount
from fact_sales fs2 
left join tbl_product tp 
on tp.id  = fs2.product_id 
group by 1
),
-- net_profit
net_profit as (
select 
gp.week,
(gp.amount - o.amount) as amount
from gross_profit gp
left join outcome o
on  o.week = gp.week
)
select 
u.week,
u.unit_sold,
g.amount as gmv,
o.amount as outcome,
r.amount as revenue,
gp.amount as gross_profit,
np.amount as nett_profit
from uss u
left join gmv g
on g.week = u.week
left join outcome o
on o.week = u.week
left join revenue r
on r.week = u.week
left join gross_profit gp 
on gp.week = u.week 
left join net_profit np 
on np.week = u.week;
        
[2025-03-03T06:32:49.900+0000] {base.py:73} INFO - Using connection ID 'sales_project_conn' for task execution.
[2025-03-03T06:32:50.028+0000] {base.py:73} INFO - Using connection ID 'sales_project_conn' for task execution.
[2025-03-03T06:32:50.049+0000] {sql.py:375} INFO - Running statement: 
            CREATE TABLE IF NOT EXISTS dim_weakly_finance_performance AS
            SELECT * FROM (-- dims_weakly_finance_performance 
 --  unit_sold 
   with uss as (
select 
date(DATE '2024-12-29' + INTERVAL '1 day' * FLOOR(EXTRACT(DAY FROM fs2.order_date - DATE '2024-12-29') / 7) * 7) AS week,
sum(quantity) unit_sold
from fact_sales fs2 
group by 1
),
-- gmv 
gmv as (
select 
date(DATE '2024-12-29' + INTERVAL '1 day' * FLOOR(EXTRACT(DAY FROM fs2.order_date - DATE '2024-12-29') / 7) * 7) AS week,
sum(quantity * price) amount
from fact_sales fs2 
group by 1
),
-- total outcome
outcome as (
select 
date(DATE '2024-12-29' + INTERVAL '1 day' * FLOOR(EXTRACT(DAY FROM st.date - DATE '2024-12-29') / 7) * 7) AS week,
sum(amount) amount
from sum_transactions st 
where type = 'outcome'
group by 1
),
-- revenue 
revenue as (
select
date(DATE '2024-12-29' + INTERVAL '1 day' * FLOOR(EXTRACT(DAY FROM st.date - DATE '2024-12-29') / 7) * 7) AS week,
sum(amount) amount
from sum_transactions st 
where type = 'income' and sales_id is not null 
group by 1
),
-- gross profit
gross_profit as (
select 
date(DATE '2024-12-29' + INTERVAL '1 day' * FLOOR(EXTRACT(DAY FROM fs2.order_date - DATE '2024-12-29') / 7) * 7) AS week,
sum((fs2.price * tp.profit  / 100) * fs2.quantity)  as amount
from fact_sales fs2 
left join tbl_product tp 
on tp.id  = fs2.product_id 
group by 1
),
-- net_profit
net_profit as (
select 
gp.week,
(gp.amount - o.amount) as amount
from gross_profit gp
left join outcome o
on  o.week = gp.week
)
select 
u.week,
u.unit_sold,
g.amount as gmv,
o.amount as outcome,
r.amount as revenue,
gp.amount as gross_profit,
np.amount as nett_profit
from uss u
left join gmv g
on g.week = u.week
left join outcome o
on o.week = u.week
left join revenue r
on r.week = u.week
left join gross_profit gp 
on gp.week = u.week 
left join net_profit np 
on np.week = u.week) AS subquery WHERE FALSE;

            TRUNCATE TABLE dim_weakly_finance_performance;

            INSERT INTO dim_weakly_finance_performance
            -- dims_weakly_finance_performance 
 --  unit_sold 
   with uss as (
select 
date(DATE '2024-12-29' + INTERVAL '1 day' * FLOOR(EXTRACT(DAY FROM fs2.order_date - DATE '2024-12-29') / 7) * 7) AS week,
sum(quantity) unit_sold
from fact_sales fs2 
group by 1
),
-- gmv 
gmv as (
select 
date(DATE '2024-12-29' + INTERVAL '1 day' * FLOOR(EXTRACT(DAY FROM fs2.order_date - DATE '2024-12-29') / 7) * 7) AS week,
sum(quantity * price) amount
from fact_sales fs2 
group by 1
),
-- total outcome
outcome as (
select 
date(DATE '2024-12-29' + INTERVAL '1 day' * FLOOR(EXTRACT(DAY FROM st.date - DATE '2024-12-29') / 7) * 7) AS week,
sum(amount) amount
from sum_transactions st 
where type = 'outcome'
group by 1
),
-- revenue 
revenue as (
select
date(DATE '2024-12-29' + INTERVAL '1 day' * FLOOR(EXTRACT(DAY FROM st.date - DATE '2024-12-29') / 7) * 7) AS week,
sum(amount) amount
from sum_transactions st 
where type = 'income' and sales_id is not null 
group by 1
),
-- gross profit
gross_profit as (
select 
date(DATE '2024-12-29' + INTERVAL '1 day' * FLOOR(EXTRACT(DAY FROM fs2.order_date - DATE '2024-12-29') / 7) * 7) AS week,
sum((fs2.price * tp.profit  / 100) * fs2.quantity)  as amount
from fact_sales fs2 
left join tbl_product tp 
on tp.id  = fs2.product_id 
group by 1
),
-- net_profit
net_profit as (
select 
gp.week,
(gp.amount - o.amount) as amount
from gross_profit gp
left join outcome o
on  o.week = gp.week
)
select 
u.week,
u.unit_sold,
g.amount as gmv,
o.amount as outcome,
r.amount as revenue,
gp.amount as gross_profit,
np.amount as nett_profit
from uss u
left join gmv g
on g.week = u.week
left join outcome o
on o.week = u.week
left join revenue r
on r.week = u.week
left join gross_profit gp 
on gp.week = u.week 
left join net_profit np 
on np.week = u.week;
        , parameters: None
[2025-03-03T06:32:54.193+0000] {sql.py:384} INFO - Rows affected: 53
[2025-03-03T06:32:54.709+0000] {taskinstance.py:1350} INFO - Marking task as SUCCESS. dag_id=dag_pipeline_query, task_id=create_dim_weakly_finance_performance, execution_date=20250303T062248, start_date=20250303T063248, end_date=20250303T063254
[2025-03-03T06:32:54.797+0000] {local_task_job_runner.py:225} INFO - Task exited with return code 0
[2025-03-03T06:32:54.887+0000] {taskinstance.py:2651} INFO - 1 downstream tasks scheduled from follow-on schedule check
