[2025-03-03T05:57:47.951+0000] {taskinstance.py:1103} INFO - Dependencies all met for dep_context=non-requeueable deps ti=<TaskInstance: dag_pipeline_query.create_dim_monthly_product_performance manual__2025-03-03T05:39:13.029042+00:00 [queued]>
[2025-03-03T05:57:47.974+0000] {taskinstance.py:1103} INFO - Dependencies all met for dep_context=requeueable deps ti=<TaskInstance: dag_pipeline_query.create_dim_monthly_product_performance manual__2025-03-03T05:39:13.029042+00:00 [queued]>
[2025-03-03T05:57:47.975+0000] {taskinstance.py:1308} INFO - Starting attempt 1 of 2
[2025-03-03T05:57:49.815+0000] {taskinstance.py:1327} INFO - Executing <Task(PostgresOperator): create_dim_monthly_product_performance> on 2025-03-03 05:39:13.029042+00:00
[2025-03-03T05:57:49.848+0000] {standard_task_runner.py:57} INFO - Started process 18222 to run task
[2025-03-03T05:57:49.851+0000] {standard_task_runner.py:84} INFO - Running: ['***', 'tasks', 'run', 'dag_pipeline_query', 'create_dim_monthly_product_performance', 'manual__2025-03-03T05:39:13.029042+00:00', '--job-id', '47', '--raw', '--subdir', 'DAGS_FOLDER/dag_pipeline_query.py', '--cfg-path', '/tmp/tmpi8uz0n5v']
[2025-03-03T05:57:49.854+0000] {standard_task_runner.py:85} INFO - Job 47: Subtask create_dim_monthly_product_performance
[2025-03-03T05:57:50.439+0000] {logging_mixin.py:149} WARNING - /home/***/.local/lib/python3.7/site-packages/***/settings.py:195 DeprecationWarning: The sql_alchemy_conn option in [core] has been moved to the sql_alchemy_conn option in [database] - the old setting has been used, but please update your config.
[2025-03-03T05:57:50.566+0000] {task_command.py:410} INFO - Running <TaskInstance: dag_pipeline_query.create_dim_monthly_product_performance manual__2025-03-03T05:39:13.029042+00:00 [running]> on host 9b8c8285a7ac
[2025-03-03T05:57:55.346+0000] {taskinstance.py:1547} INFO - Exporting env vars: AIRFLOW_CTX_DAG_OWNER='Raffi' AIRFLOW_CTX_DAG_ID='dag_pipeline_query' AIRFLOW_CTX_TASK_ID='create_dim_monthly_product_performance' AIRFLOW_CTX_EXECUTION_DATE='2025-03-03T05:39:13.029042+00:00' AIRFLOW_CTX_TRY_NUMBER='1' AIRFLOW_CTX_DAG_RUN_ID='manual__2025-03-03T05:39:13.029042+00:00'
[2025-03-03T05:57:55.347+0000] {sql.py:262} INFO - Executing: -- monthly_product_performance 
create table if not exists dim_monthly_product_performance  as
select 
fs2.product_id,
tp.product_name,
date(date_trunc('month', fs2.order_date)) as bulan,
sum(quantity)
from fact_sales fs2 
left join tbl_product tp 
on tp.id  = fs2.product_id 
group by 1,2,3
order by bulan desc, sum desc 
[2025-03-03T05:57:55.381+0000] {base.py:73} INFO - Using connection ID 'sales_project_conn' for task execution.
[2025-03-03T05:57:55.525+0000] {base.py:73} INFO - Using connection ID 'sales_project_conn' for task execution.
[2025-03-03T05:57:55.552+0000] {sql.py:375} INFO - Running statement: -- monthly_product_performance 
create table if not exists dim_monthly_product_performance  as
select 
fs2.product_id,
tp.product_name,
date(date_trunc('month', fs2.order_date)) as bulan,
sum(quantity)
from fact_sales fs2 
left join tbl_product tp 
on tp.id  = fs2.product_id 
group by 1,2,3
order by bulan desc, sum desc , parameters: None
[2025-03-03T05:57:56.547+0000] {sql.py:384} INFO - Rows affected: 180
[2025-03-03T05:57:58.178+0000] {taskinstance.py:1350} INFO - Marking task as SUCCESS. dag_id=dag_pipeline_query, task_id=create_dim_monthly_product_performance, execution_date=20250303T053913, start_date=20250303T055747, end_date=20250303T055758
[2025-03-03T05:57:58.349+0000] {local_task_job_runner.py:225} INFO - Task exited with return code 0
[2025-03-03T05:57:58.424+0000] {taskinstance.py:2651} INFO - 0 downstream tasks scheduled from follow-on schedule check
