[2025-03-03T06:02:14.644+0000] {taskinstance.py:1103} INFO - Dependencies all met for dep_context=non-requeueable deps ti=<TaskInstance: dag_pipeline_query.create_dim_monthly_product_performance manual__2025-03-03T06:01:16.828633+00:00 [queued]>
[2025-03-03T06:02:14.669+0000] {taskinstance.py:1103} INFO - Dependencies all met for dep_context=requeueable deps ti=<TaskInstance: dag_pipeline_query.create_dim_monthly_product_performance manual__2025-03-03T06:01:16.828633+00:00 [queued]>
[2025-03-03T06:02:14.670+0000] {taskinstance.py:1308} INFO - Starting attempt 1 of 2
[2025-03-03T06:02:14.844+0000] {taskinstance.py:1327} INFO - Executing <Task(PostgresOperator): create_dim_monthly_product_performance> on 2025-03-03 06:01:16.828633+00:00
[2025-03-03T06:02:14.937+0000] {standard_task_runner.py:57} INFO - Started process 18931 to run task
[2025-03-03T06:02:14.941+0000] {standard_task_runner.py:84} INFO - Running: ['***', 'tasks', 'run', 'dag_pipeline_query', 'create_dim_monthly_product_performance', 'manual__2025-03-03T06:01:16.828633+00:00', '--job-id', '57', '--raw', '--subdir', 'DAGS_FOLDER/dag_pipeline_query.py', '--cfg-path', '/tmp/tmpzbys1bur']
[2025-03-03T06:02:14.944+0000] {standard_task_runner.py:85} INFO - Job 57: Subtask create_dim_monthly_product_performance
[2025-03-03T06:02:15.223+0000] {logging_mixin.py:149} WARNING - /home/***/.local/lib/python3.7/site-packages/***/settings.py:195 DeprecationWarning: The sql_alchemy_conn option in [core] has been moved to the sql_alchemy_conn option in [database] - the old setting has been used, but please update your config.
[2025-03-03T06:02:15.418+0000] {task_command.py:410} INFO - Running <TaskInstance: dag_pipeline_query.create_dim_monthly_product_performance manual__2025-03-03T06:01:16.828633+00:00 [running]> on host 9b8c8285a7ac
[2025-03-03T06:02:16.268+0000] {taskinstance.py:1547} INFO - Exporting env vars: AIRFLOW_CTX_DAG_OWNER='Raffi' AIRFLOW_CTX_DAG_ID='dag_pipeline_query' AIRFLOW_CTX_TASK_ID='create_dim_monthly_product_performance' AIRFLOW_CTX_EXECUTION_DATE='2025-03-03T06:01:16.828633+00:00' AIRFLOW_CTX_TRY_NUMBER='1' AIRFLOW_CTX_DAG_RUN_ID='manual__2025-03-03T06:01:16.828633+00:00'
[2025-03-03T06:02:16.269+0000] {sql.py:262} INFO - Executing: -- monthly_product_performance 
create table if not exists dim_monthly_product_performance  as
select 
fs2.product_id,
tp.product_name,
date(date_trunc('month', fs2.order_date)) as bulan,
sum(quantity)
from fact_sales fs2 
left join tbl_product tp 
on tp.id  = fs2.product_id 
group by 1,2,3
order by bulan desc, sum desc 
[2025-03-03T06:02:16.326+0000] {base.py:73} INFO - Using connection ID 'sales_project_conn' for task execution.
[2025-03-03T06:02:16.585+0000] {base.py:73} INFO - Using connection ID 'sales_project_conn' for task execution.
[2025-03-03T06:02:16.618+0000] {sql.py:375} INFO - Running statement: -- monthly_product_performance 
create table if not exists dim_monthly_product_performance  as
select 
fs2.product_id,
tp.product_name,
date(date_trunc('month', fs2.order_date)) as bulan,
sum(quantity)
from fact_sales fs2 
left join tbl_product tp 
on tp.id  = fs2.product_id 
group by 1,2,3
order by bulan desc, sum desc , parameters: None
[2025-03-03T06:02:16.670+0000] {taskinstance.py:1350} INFO - Marking task as SUCCESS. dag_id=dag_pipeline_query, task_id=create_dim_monthly_product_performance, execution_date=20250303T060116, start_date=20250303T060214, end_date=20250303T060216
[2025-03-03T06:02:17.163+0000] {local_task_job_runner.py:225} INFO - Task exited with return code 0
[2025-03-03T06:02:17.270+0000] {taskinstance.py:2651} INFO - 1 downstream tasks scheduled from follow-on schedule check
