[2025-03-03T03:50:30.567+0000] {taskinstance.py:1103} INFO - Dependencies all met for dep_context=non-requeueable deps ti=<TaskInstance: dag_pipeline_query.create_fact_query manual__2025-03-03T03:34:28.452047+00:00 [queued]>
[2025-03-03T03:50:30.585+0000] {taskinstance.py:1103} INFO - Dependencies all met for dep_context=requeueable deps ti=<TaskInstance: dag_pipeline_query.create_fact_query manual__2025-03-03T03:34:28.452047+00:00 [queued]>
[2025-03-03T03:50:30.587+0000] {taskinstance.py:1308} INFO - Starting attempt 5 of 5
[2025-03-03T03:50:30.753+0000] {taskinstance.py:1327} INFO - Executing <Task(PostgresOperator): create_fact_query> on 2025-03-03 03:34:28.452047+00:00
[2025-03-03T03:50:30.817+0000] {standard_task_runner.py:57} INFO - Started process 3550 to run task
[2025-03-03T03:50:30.821+0000] {standard_task_runner.py:84} INFO - Running: ['***', 'tasks', 'run', 'dag_pipeline_query', 'create_fact_query', 'manual__2025-03-03T03:34:28.452047+00:00', '--job-id', '32', '--raw', '--subdir', 'DAGS_FOLDER/dag_pipeline_query.py', '--cfg-path', '/tmp/tmp1fzlelui']
[2025-03-03T03:50:30.823+0000] {standard_task_runner.py:85} INFO - Job 32: Subtask create_fact_query
[2025-03-03T03:50:31.040+0000] {logging_mixin.py:149} WARNING - /home/***/.local/lib/python3.7/site-packages/***/settings.py:195 DeprecationWarning: The sql_alchemy_conn option in [core] has been moved to the sql_alchemy_conn option in [database] - the old setting has been used, but please update your config.
[2025-03-03T03:50:31.156+0000] {task_command.py:410} INFO - Running <TaskInstance: dag_pipeline_query.create_fact_query manual__2025-03-03T03:34:28.452047+00:00 [running]> on host 9b8c8285a7ac
[2025-03-03T03:50:31.959+0000] {taskinstance.py:1547} INFO - Exporting env vars: AIRFLOW_CTX_DAG_OWNER='Raffi' AIRFLOW_CTX_DAG_ID='dag_pipeline_query' AIRFLOW_CTX_TASK_ID='create_fact_query' AIRFLOW_CTX_EXECUTION_DATE='2025-03-03T03:34:28.452047+00:00' AIRFLOW_CTX_TRY_NUMBER='5' AIRFLOW_CTX_DAG_RUN_ID='manual__2025-03-03T03:34:28.452047+00:00'
[2025-03-03T03:50:31.960+0000] {sql.py:262} INFO - Executing: CREATE TABLE IF NOT EXISTS fact_employee AS
select 
*
from tbl_employee te 
where te.active = 'true'
[2025-03-03T03:50:31.997+0000] {base.py:73} INFO - Using connection ID 'postgres_default' for task execution.
[2025-03-03T03:50:32.158+0000] {base.py:73} INFO - Using connection ID 'postgres_default' for task execution.
[2025-03-03T03:50:32.499+0000] {taskinstance.py:1824} ERROR - Task failed with exception
Traceback (most recent call last):
  File "/home/airflow/.local/lib/python3.7/site-packages/airflow/providers/common/sql/operators/sql.py", line 274, in execute
    **extra_kwargs,
  File "/home/airflow/.local/lib/python3.7/site-packages/airflow/providers/common/sql/hooks/sql.py", line 342, in run
    with closing(self.get_conn()) as conn:
  File "/home/airflow/.local/lib/python3.7/site-packages/airflow/providers/postgres/hooks/postgres.py", line 144, in get_conn
    self.conn = psycopg2.connect(**conn_args)
  File "/home/airflow/.local/lib/python3.7/site-packages/psycopg2/__init__.py", line 122, in connect
    conn = _connect(dsn, connection_factory=connection_factory, **kwasync)
psycopg2.OperationalError: connection to server at "postgres" (172.18.0.2), port 5432 failed: FATAL:  password authentication failed for user "postgres"

[2025-03-03T03:50:32.552+0000] {taskinstance.py:1350} INFO - Marking task as FAILED. dag_id=dag_pipeline_query, task_id=create_fact_query, execution_date=20250303T033428, start_date=20250303T035030, end_date=20250303T035032
[2025-03-03T03:50:32.893+0000] {standard_task_runner.py:109} ERROR - Failed to execute job 32 for task create_fact_query (connection to server at "postgres" (172.18.0.2), port 5432 failed: FATAL:  password authentication failed for user "postgres"
; 3550)
[2025-03-03T03:50:32.922+0000] {local_task_job_runner.py:225} INFO - Task exited with return code 1
[2025-03-03T03:50:32.985+0000] {taskinstance.py:2651} INFO - 0 downstream tasks scheduled from follow-on schedule check
